<?xml version="1.0" encoding="UTF-8"?>
<testsuite name="FirstTest" tests="1" skipped="0" failures="0" errors="0" timestamp="2021-03-27T07:26:40" hostname="DESKTOP-IQLPRG6" time="13.251">
  <properties/>
  <testcase name="testUnitedTestCase" classname="FirstTest" time="13.251"/>
  <system-out><![CDATA[]]></system-out>
  <system-err><![CDATA[мар 27, 2021 4:26:40 PM com.codeborne.selenide.drivercommands.LazyDriver getAndCheckWebDriver
INFO: No webdriver is bound to current thread: 11 - let's create a new webdriver
SLF4J: Failed to load class "org.slf4j.impl.StaticLoggerBinder".
SLF4J: Defaulting to no-operation (NOP) logger implementation
SLF4J: See http://www.slf4j.org/codes.html#StaticLoggerBinder for further details.
Starting ChromeDriver 89.0.4389.23 (61b08ee2c50024bab004e48d2b1b083cdbdac579-refs/branch-heads/4389@{#294}) on port 32096
Only local connections are allowed.
Please see https://chromedriver.chromium.org/security-considerations for suggestions on keeping ChromeDriver safe.
ChromeDriver was started successfully.
мар 27, 2021 4:26:45 PM org.openqa.selenium.remote.ProtocolHandshake createSession
INFO: Detected dialect: W3C
мар 27, 2021 4:26:45 PM com.codeborne.selenide.webdriver.BrowserResizer adjustBrowserSize
INFO: Set browser size to 1600x1000
мар 27, 2021 4:26:45 PM com.codeborne.selenide.webdriver.WebDriverFactory logBrowserVersion
INFO: BrowserName=chrome Version=89.0.4389.90 Platform=WINDOWS
мар 27, 2021 4:26:45 PM com.codeborne.selenide.webdriver.WebDriverFactory createWebDriver
INFO: Selenide v. 5.1.0
мар 27, 2021 4:26:45 PM com.codeborne.selenide.webdriver.WebDriverFactory logSeleniumInfo
INFO: Selenium WebDriver v. 3.141.59 build time: 2018-11-14T08:17:03
мар 27, 2021 4:26:45 PM com.codeborne.selenide.drivercommands.CreateDriverCommand createDriver
INFO: Create webdriver in current thread 11: ChromeDriver -> ChromeDriver: chrome on WINDOWS (1ce63fa51f4b61fe3d494d7eee2c5e6f)
]]></system-err>
</testsuite>
